/*C21*/SET SCHEMA PUBLIC
drop table hospital if exists
drop table staff if exists
create table hospital (organisationid varchar(255) not null, address1 varchar(255), address2 varchar(255), address3 varchar(255), city varchar(255), county varchar(255), email varchar(255), fax varchar(255), is_pims_managed boolean not null, latitude bigint not null, longitude bigint not null, organisation_code varchar(255), organisation_name varchar(255), organisation_status varchar(255), organisation_type varchar(255), parent_name varchar(255), parentodscode varchar(255), phone varchar(255), postcode varchar(255), sector varchar(255), sub_type varchar(255), website varchar(255), primary key (organisationid))
create table staff (staff_id varchar(255) not null, address1 varchar(255), address2 varchar(255), address3 varchar(255), postcode varchar(255), telephone varchar(255), town varchar(255), primary key (staff_id))
drop table hospital if exists
drop table staff if exists
DISCONNECT
/*C20*/SET SCHEMA PUBLIC
DISCONNECT
/*C19*/SET SCHEMA PUBLIC
DISCONNECT
/*C18*/SET SCHEMA PUBLIC
DISCONNECT
/*C17*/SET SCHEMA PUBLIC
DISCONNECT
/*C16*/SET SCHEMA PUBLIC
DISCONNECT
/*C15*/SET SCHEMA PUBLIC
DISCONNECT
/*C14*/SET SCHEMA PUBLIC
DISCONNECT
/*C13*/SET SCHEMA PUBLIC
DISCONNECT
/*C12*/SET SCHEMA PUBLIC
DISCONNECT
